1A6MA
1AHOA
1BRFA
1BYIA
1C7KA
1C75A
1CC8A
1CEXA
1EB6A
1ET1A
1EUWA
1EXRA
1F9YA
1F94A
1FSGA
1G4IA
1G66A
1GA6A
1GCIA
1GQVA
1GVKB
1GWEA
1HJ8A
1I1WA
1I2TA
1IQZA
1IS9A
1IUAA
1JBEA
1JFBA
1K4IA
1K5CA
1K5NA
1K5NB
1K6UA
1KF3A
1KMVA
1KQPA
1KTHA
1L9LA
1LKKA
1LNIA
1LQTB
1LUGA
1LWBA
1M1QA
1MC2A
1MJ5A
1MN8A
1MUWA
1MWQA
1N4WA
1N9BA
1N40A
1N62A
1N62C
1NH0A
1NKIA
1NQJA
1NWZA
1O7JA
1OAIA
1OD3A
1OEWA
1OK0A
1P1XA
1P9GA
1PJXA
1PMHX
1PQ7A
1PSRA
1PWGA
1QTWA
1QXYA
1R2QA
1R6JA
1RB9A
1RQWA
1RTQA
1RW1A
1RWYA
1S0RA
1SFSA
1TG0A
1TJXA
1TQGA
1U2HA
1UCSA
1UFYA
1UG6A
1UNQA
1US0A
1UWCA
1UZVA
1V0LA
1V6PA
1VBWA
1VYRA
1W0NA
1W23A
1W66A
1WUIL
1WUIS
1X6ZA
1X8QA
1XG0A
1XG0B
1XG0C
1XJUA
1XMKA
1XQOA
1ZK4A
1ZLBA
1ZLMA
1ZUUA
1ZZKA
2A6ZA
2A28A
2AXWA
2B97A
2BF6A
2BF9A
2BT9A
2BV4A
2BW4A
2C9VA
2C71A
2CARA
2CHHA
2CI1A
2CNQA
2CWSA
2CZQA
2D5MA
2DDXA
2DSXA
2E4TA
2ERLA
2F01A
2FDNA
2FMAA
2FVYA
2FWHA
2G6FX
2G58A
2GGCA
2GJ3A
2GKGA
2GUDA
2H3LA
2H5CA
2H5OA
2HBWA
2HEUA
2HINA
2I4AA
2IIMA
2IXTA
2JFRA
2JHFA
2NRLA
2NWDX
2OIZA
2OIZD
2OV0A
2P74A
2PNDA
2PVBA
2PWAA
2QCPX
2R0XA
2UU8A
2V8TA
2VB1A
7A3HA