1A6MA
1A7SA
1AHOA
1ARBA
1ATGA
1B6GA
1B9OA
1BKRA
1BQKA
1BRFA
1BX7A
1BYIA
1C0PA
1C5EA
1C7KA
1C9OA
1C75A
1CC8A
1CEXA
1CSEI
1CTJA
1CTQA
1CY5A
1CZPA
1D4OA
1D4TA
1DBFA
1E4MM
1E5KA
1E9GA
1E29A
1E58A
1EAJA
1EAXA
1EB6A
1ET1A
1EUWA
1EXRA
1F1EA
1F1GA
1F9YA
1F41A
1F94A
1FCYA
1FD3A
1FK5A
1FLMA
1FSGA
1FUSA
1FYEA
1G2BA
1G2RA
1G4IA
1G61A
1G66A
1GA6A
1GCIA
1GK9A
1GK9B
1GKPA
1GMXA
1GNLA
1GQVA
1GU2A
1GVEA
1GVKB
1GWEA
1GWMA
1GXMA
1GXUA
1GYOA
1GYXA
1GZ8A
1H1NA
1H4GA
1H4XA
1H12A
1H97A
1HBNA
1HBNB
1HBNC
1HDOA
1HJ8A
1HK0X
1HX0A
1HXHA
1HYOA
1I1WA
1I2TA
1I4UA
1I8OA
1I40A
1I76A
1IFCA
1IJVA
1IQZA
1IRDA
1IRDB
1IROA
1IS9A
1ITXA
1IUAA
1J0OA
1J8QA
1J9BA
1JBEA
1JFBA
1JG1A
1JKVA
1JM1A
1JNDA
1JNIA
1JO0A
1JO8A
1JR0D
1K3XA
1K3YA
1K4IA
1K5CA
1K5NA
1K5NB
1K6UA
1K7CA
1K8UA
1K55A
1KA1A
1KF3A
1KG2A
1KGDA
1KKOA
1KMVA
1KNGA
1KNMA
1KQ6A
1KQPA
1KQWA
1KT7A
1KTHA
1KUGA
1KYFA
1L3KA
1L9LA
1LK2B
1LKKA
1LNIA
1LQ9A
1LQTB
1LS9A
1LU4A
1LUGA
1LWBA
1LZJA
1LZLA
1M1NA
1M1NB
1M1QA
1M4LA
1M70A
1MC2A
1ME4A
1MJ4A
1MJ5A
1MJUH
1MJUL
1MN8A
1MQKH
1MQKL
1MUWA
1MWQA
1N0QA
1N3LA
1N4WA
1N8VA
1N9BA
1N40A
1N62A
1N62C
1NKIA
1NPIA
1NQJA
1NUYA
1NWWA
1NWZA
1NXMA
1NYKA
1O08A
1O2DA
1O7JA
1O7QA
1OAIA
1OD3A
1ODMA
1OEWA
1OH4A
1OK0A
1OLRA
1OOHA
1OOTA
1OQVA
1OUWA
1OX0A
1P1XA
1P4CA
1P5FA
1P6OA
1P9GA
1PJXA
1PLCA
1PMHX
1PO7A
1PQ7A
1PSRA
1PWAA
1PWGA
1PZ4A
1Q6OA
1Q35A
1QFTA
1QJ4A
1QKSA
1QL0A
1QTNA
1QTNB
1QTWA
1QU9A
1QV1A
1QWYA
1QXYA
1R0MA
1R0RI
1R2QA
1R6JA
1RB9A
1RG8A
1RHSA
1RQWA
1RROA
1RTQA
1RW1A
1RWYA
1S0RA
1S1PA
1S9UA
1SAUA
1SBYA
1SENA
1SFSA
1SG4A
1SIXA
1SJWA
1SU7A
1SXVA
1T2DA
1T3YA
1T8KA
1TBFA
1TG0A
1THMA
1TJYA
1TKJA
1TQGA
1TU9A
1TUKA
1U07A
1U1WA
1U2HA
1U9CA
1UAIA
1UCRA
1UCSA
1UFYA
1UG6A
1UNQA
1UOWA
1UOZA
1UP9A
1US0A
1USEA
1UWCA
1UZ3A
1UZVA
1V0LA
1V6PA
1V9YA
1VBWA
1VF8A
1VH5A
1VHUA
1VIMA
1VK1A
1VKKA
1VLYA
1VMHA
1VP8A
1VR7A
1VYRA
1W0NA
1W2LA
1W6SA
1W6SB
1W23A
1W66A
1WBEA
1WC2A
1WCGA
1WCKA
1WCWA
1WDDA
1WDDS
1WDPA
1WKQA
1WKRA
1WM3A
1WMAA
1WMDA
1WMSA
1WPNA
1WRIA
1WUIL
1WUIS
1WVFA
1WXCA
1WXCB
1WYXA
1X1RA
1X3SA
1X6IA
1X6ZA
1X8QA
1X9IA
1XDNA
1XG0A
1XG0B
1XG0C
1XJUA
1XMKA
1XMTA
1XODA
1XQOA
1XT5A
1Y2KA
1Y6XA
1Y9UA
1YFQA
1YNQA
1YPHC
1YPHE
1YS1X
1Z0WA
1Z2NX
1Z2UA
1Z6MA
1Z41A
1Z53A
1Z70X
1ZGKA
1ZK4A
1ZL0A
1ZLBA
1ZLMA
1ZMAA
1ZUUA
1ZUYA
1ZZKA
2A3NA
2A6ZA
2A26A
2A28A
2A50A
2A50B
2AB0A
2AEBA
2AHNA
2AIBA
2AKFA
2AKZA
2AQMA
2ASCA
2AVMA
2AXWA
2B3HA
2B3NA
2B69A
2B82A
2B97A
2BF6A
2BF9A
2BJDA
2BJIA
2BLNA
2BMOA
2BMOB
2BOQA
2BT9A
2BV4A
2BW4A
2BWFA
2BZVA
2C1VA
2C2UA
2C9VA
2C60A
2C71A
2CAKA
2CARA
2CCVA
2CCWA
2CHHA
2CI1A
2CIWA
2CL2A
2CNQA
2COVD
2CS7A
2CWSA
2CZ1A
2CZ1B
2CZQA
2D5MA
2D5WA
2DDXA
2DFBA
2DJLA
2DKJA
2DLBA
2DRMA
2DSXA
2E3BA
2E4TA
2E5FA
2E7ZA
2ERLA
2F01A
2F69A
2F91A
2F91B
2FBAA
2FCLA
2FDNA
2FE5A
2FG1A
2FGOA
2FLHA
2FMAA
2FRGP
2FS6A
2FT6A
2FVVA
2FVYA
2FWHA
2FXUA
2G6FX
2G58A
2GB4A
2GF3A
2GGCA
2GJ3A
2GKEA
2GKGA
2GKPA
2GQTA
2GQVA
2GSOA
2GUDA
2GXQA
2GZQA
2GZVA
2H3LA
2H5CA
2H5OA
2H8FA
2H8FB
2HBWA
2HDSA
2HEUA
2HINA
2HO2A
2HXMA
2HXSA
2HYKA
2HYSA
2I4AA
2I5FA
2I5ZO
2I6CA
2I8TA
2I24N
2I49A
2I61A
2IAYA
2IBLA
2IC6A
2IFQA
2IGDA
2IIMA
2IJ2A
2IMFA
2IMQX
2IWNA
2IXTA
2IYVA
2IZRA
2IZXA
2J6BA
2J6LA
2J8BA
2J9CA
2J45A
2JAEA
2JCQA
2JDAA
2JEKA
2JFRA
2JG2A
2JHFA
2JIKA
2LISA
2MHRA
2NLRA
2NLVA
2NN8A
2NQWA
2NR7A
2NRLA
2NSZA
2NUKA
2NWDX
2O9UX
2O23A
2O37A
2OFCA
2OFZA
2OIZA
2OIZD
2OKTA
2OLNA
2OMLA
2OSSA
2OV0A
2OXCA
2OZIA
2P02A
2P2SA
2P9WA
2P49B
2P74A
2PC1A
2PHNA
2PMRA
2PNDA
2PRVA
2PVBA
2PWAA
2Q3GA
2QCPX
2QE8A
2QF4A
2QJWA
2QJZA
2QOCA
2QSBA
2R01A
2R0XA
2R2ZA
2R6VA
2TPSA
2UU8A
2UUFB
2UUYB
2UV4A
2UXYA
2V3GA
2V8TA
2V9VA
2VB1A
2WEAA
7A3HA
7FD1A