1A6MA
1A7SA
1AHOA
1ARBA
1B9OA
1BKRA
1BRFA
1BX7A
1BYIA
1C0PA
1C5EA
1C7KA
1C9OA
1C75A
1CC8A
1CEXA
1CSEI
1CTJA
1CTQA
1CZPA
1D4OA
1D4TA
1E4MM
1E9GA
1E58A
1EB6A
1ET1A
1EUWA
1EXRA
1F94A
1FSGA
1FYEA
1G2BA
1G4IA
1G66A
1GA6A
1GCIA
1GKPA
1GMXA
1GQVA
1GVKB
1GWEA
1GWMA
1GXUA
1H1NA
1H4GA
1H4XA
1H12A
1H97A
1HBNA
1HBNB
1HBNC
1HDOA
1HJ8A
1HK0X
1HXHA
1I1XA
1I2TA
1I4UA
1I40A
1I76A
1IFCA
1IJVA
1IQZA
1IROA
1IS9A
1ITXA
1IUAA
1J0OA
1JBEA
1JFBA
1JG1A
1JM1A
1JNIA
1K3XA
1K4IA
1K5CA
1K5NA
1K5NB
1K6UA
1K7CA
1K8UA
1KF3A
1KG2A
1KMVA
1KNGA
1KNMA
1KQ6A
1KQPA
1KT7A
1KTHA
1KYFA
1L3KA
1L9LA
1LKKA
1LNIA
1LQUB
1LU4A
1LUGA
1LWBA
1M1QA
1M4LA
1MC2A
1ME4A
1MJ4A
1MJ5A
1MJUH
1MJUL
1MN8A
1MQKH
1MQKL
1MWQA
1N0QA
1N1PA
1N3LA
1N9BA
1N40A
1N60A
1N60C
1NKIA
1NPIA
1NQJA
1NWWA
1NWZA
1O08A
1O7JA
1OA0A
1OAIA
1OD3A
1ODMA
1OEWA
1OK0A
1OLRA
1OOHA
1P1XA
1P5FA
1P6OA
1P9GA
1PJXA
1PMHX
1PO7A
1PQ7A
1PSRA
1PWGA
1Q6OA
1Q35A
1QFTA
1QL0A
1QTNA
1QTNB
1QTWA
1QU9A
1QV1A
1QXYA
1R0RI
1R2QA
1R6JA
1RB9A
1RG8A
1RQWA
1RTQA
1RW1A
1RWYA
1S0RA
1S1PA
1S5NA
1SAUA
1SBYA
1SENA
1SFSA
1SU8A
1T2DA
1T3YA
1T8KA
1TG0A
1TKJA
1TQGA
1TU9A
1TUKA
1U07A
1U2HA
1UAIA
1UCRA
1UCSA
1UFYA
1UG6A
1UNQA
1UOWA
1UOZA
1UWCA
1UZ3A
1UZVA
1V0LA
1V6PA
1VBWA
1VK1A
1VR7A
1VYRA
1W0NA
1W6SA
1W6SB
1W23A
1W66A
1WC2A
1WCGA
1WDPA
1WKQA
1WM3A
1WMAA
1WMSA
1WRIA
1WUKL
1WUKS
1WXCA
1WXCB
1WYXA
1X6IA
1X6ZA
1X8QA
1X9IA
1XDNA
1XG0A
1XG0B
1XG0C
1XJUA
1XMKA
1XMTA
1XODA
1XQOA
1XT5A
1Y6XA
1YFQA
1YNPA
1YS1X
1Z0WA
1Z2NX
1Z2UA
1Z53A
1Z70X
1ZK4A
1ZL0A
1ZLBA
1ZLMA
1ZMAA
1ZUUA
1ZZKA
2A3NA
2A6ZA
2A26A
2A28A
2AB0A
2AIBA
2AKFA
2AQMA
2ASCA
2AVMA
2AXWA
2B3HA
2B69A
2B82A
2B97A
2BF6A
2BF9A
2BJDA
2BJIA
2BLNA
2BMOA
2BMOB
2BT9A
2BV4A
2BW4A
2BWFA
2BZVA
2C2UA
2C6ZA
2C9VA
2C60A
2C71A
2CAKA
2CARA
2CCWA
2CHHA
2CIWA
2CNQA
2COVD
2CS7A
2CWSA
2CZQA
2D5MA
2DDXA
2DFBA
2DKJA
2DLBA
2DN2A
2DN2B
2DSXA
2E4TA
2E6FA
2E7ZA
2EKPA
2ERLA
2F01A
2F91A
2F91B
2FBAA
2FCLA
2FDNA
2FE5A
2FG1A
2FLHA
2FMAA
2FRGP
2FT6A
2FVVA
2FVYA
2FWHA
2G58A
2GB4A
2GGCA
2GJ3A
2GKGA
2GUDA
2GXQA
2GZVA
2H3LA
2H5CA
2H5OA
2HBWA
2HDSA
2HEUA
2HINA
2HXSA
2HYSA
2I4AA
2I5VO
2I7DA
2I17A
2I61A
2IAYA
2IC6A
2IFQA
2IGDA
2IIMA
2IJ2A
2IXTA
2J8BA
2J8WA
2J45A
2JAEA
2JCQA
2JFRA
2JHFA
2JJUA
2NLRA
2NRLA
2NSZA
2NUKA
2NWDX
2NXVA
2O0BA
2O6NA
2O9SA
2O9UX
2O23A
2O37A
2O90A
2OFCA
2OFZA
2OIZA
2OIZD
2OLNA
2OMLA
2OV0A
2P02A
2P2SA
2P5KA
2P45B
2P74A
2PC1A
2PGOA
2PNDA
2PNEA
2PVBA
2PWAA
2Q3GA
2QAAA
2QCPX
2QF4A
2QJZA
2QOCA
2QPNA
2QSKA
2QVBA
2QXIA
2R01A
2R0XA
2R2ZA
2R3IA
2R6VA
2R16A
2R31A
2RB5A
2RFRA
2RH2A
2RHFA
2TPSA
2UU8A
2UUFB
2UUYB
2UXYA
2V1QA
2V3GA
2V3IA
2V8FA
2V8TA
2V9VA
2V89A
2VB1A
2VBKA
2VFRA
2VHAA
2VPAA
2VZCA
2W1JA
2WEAA
2Z4UA
2Z72A
2ZEXA
2ZFDA
2ZFDB
2ZNRA
2ZPMA
2ZPTX
3B4UA
3B5MA
3B64A
3BFOA
3BHYA
3BMZA
3BOGC
3BS2A
3BUUA
3BWHA
3C5AA
3C8LA
3C8PA
3C70A
3CE1A
3CI3A
3CLMA
3CP5A
3CT6A
3CUZA
3D1KA
3D1KB
3D1PA
3D9XA
3DHAA
3DJHA
3DK9A
3DNJA
3E5TA
3E8MA
3EBZA
3EDHA
3EDOA
3EO6A
3F0DA
3F1LA
3F7XA
3F40A
7A3HA