1A1IA
1A2PA
1A2ZA
1A3AA
1A4IA
1A4MA
1A6MA
1A7SA
1A8EA
1A8LA
1A8QA
1A8SA
1A8UA
1A12A
1A34A
1A58A
1A73A
1A88A
1AAPA
1ABAA
1AFWA
1AG9A
1AGIA
1AGJA
1AGQA
1AH7A
1AHOA
1AJ8A
1AJJA
1AJSA
1AK0A
1AKOA
1AKYA
1AL3A
1ALVA
1AMFA
1AMKA
1AOEA
1AOHA
1AOZA
1ARBA
1ATLA
1ATZA
1AUNA
1AUOA
1AVBA
1AWDA
1AXNA
1AY7B
1AYOA
1AZQA
1B0BA
1B0NA
1B0UA
1B1CA
1B2PA
1B3AA
1B5EA
1B5FA
1B5FB
1B5QA
1B6AA
1B6TA
1B8AA
1B8DA
1B8OA
1B9OA
1B25A
1B65A
1B67A
1B93A
1B94A
1BB1A
1BBHA
1BBZA
1BD8A
1BDOA
1BEAA
1BEBA
1BF6A
1BFGA
1BG6A
1BGFA
1BGPA
1BGVA
1BHEA
1BHPA
1BI5A
1BIOA
1BJ7A
1BKJA
1BKPA
1BKRA
1BKZA
1BLXA
1BM8A
1BN7A
1BN8A
1BQBA
1BQCA
1BRFA
1BS0A
1BSGA
1BSMA
1BTEA
1BU8A
1BUDA
1BUEA
1BX4A
1BX7A
1BXVA
1BXYA
1BYIA
1BZ4A
1C0PA
1C1DA
1C1FA
1C1KA
1C2AA
1C3CA
1C3PA
1C5CL
1C5EA
1C5YB
1C7KA
1C7NA
1C9OA
1C26A
1C44A
1C52A
1C75A
1CA1A
1CB8A
1CC8A
1CCRA
1CCWA
1CCWB
1CCZA
1CD0A
1CEXA
1CG5A
1CG5B
1CHDA
1CI3M
1CI9A
1CJCA
1CJWA
1CKAA
1CKEA
1CL1A
1CLCA
1CMCA
1CNVA
1CNZA
1CO6A
1COJA
1COTA
1CP2A
1CPQA
1CQXA
1CQYA
1CRUA
1CS1A
1CSEI
1CSHA
1CTFA
1CTJA
1CTQA
1CUKA
1CUOA
1CV8A
1CXYA
1CY5A
1CYDA
1CYJA
1CYOA
1CZFA
1CZNA
1CZPA
1CZTA
1D0DA
1D0QA
1D2IA
1D2NA
1D3HA
1D4AA
1D4OA
1D4TA
1D5NA
1D7DA
1D7OA
1D8WA
1DBFA
1DBXA
1DC1A
1DCIA
1DDEA
1DEUA
1DF4A
1DF7A
1DFUP
1DFXA
1DGFA
1DGWA
1DGWX
1DGWY
1DHNA
1DINA
1DJ0A
1DK0A
1DK8A
1DL2A
1DL5A
1DLFH
1DLFL
1DLWA
1DLYA
1DMGA
1DNUA
1DNUC
1DOIA
1DOSA
1DOWA
1DOWB
1DPJA
1DPTA
1DQIA
1DQPA
1DQSA
1DQZA
1DRYA
1DSZA
1DSZB
1DTDB
1DUGA
1DUNA
1DUSA
1DUVG
1DW0A
1DWKA
1DXEA
1DXGA
1DXJA
1DXYA
1DYRA
1DYSA
1DZPA
1E0CA
1E4MM
1E5KA
1E5MA
1E5PA
1E6BA
1E6IA
1E6YB
1E6YC
1E8AA
1E9GA
1E19A
1E42A
1E58A
1E85A
1EA2A
1EA5A
1EAJA
1EAXA
1EAZA
1EB6A
1EC7A
1ECAA
1ECSA
1ED5A
1EDGA
1EDMB
1EDQA
1EDTA
1EEXA
1EEXB
1EEXG
1EF8A
1EGUA
1EGWA
1EI5A
1EIFA
1EJ0A
1EJ8A
1EJBA
1EJDA
1EJXA
1EJXB
1EK0A
1EK6A
1EKGA
1EL1A
1ELJA
1ELRA
1ELTA
1ELWA
1EN2A
1ENFA
1EOKA
1EP0A
1EPFA
1EPTA
1EQ9A
1ERZA
1ESFA
1ESGA
1ESWA
1ET1A
1EU3A
1EU8A
1EUAA
1EUJA
1EURA
1EUVA
1EUVB
1EUWA
1EVYA
1EW0A
1EW4A
1EX2A
1EX7A
1EXRA
1EXTA
1EYEA
1EYHA
1EYVA
1EZWA
1F0LB
1F0XA
1F1EA
1F1GA
1F1UA
1F2TA
1F2TB
1F3ZA
1F5JA
1F5VA
1F7DA
1F8EA
1F8MA
1F9MA
1F9YA
1F20A
1F41A
1F46A
1F60A
1F60B
1F74A
1F94A
1FA8A
1FASA
1FC9A
1FCQA
1FCYA
1FD3A
1FE0A
1FE6A
1FECA
1FF3A
1FF4A
1FG7A
1FH9A
1FHVA
1FIPA
1FITA
1FIUA
1FJ2A
1FJHA
1FJJA
1FK5A
1FKJA
1FKMA
1FL2A
1FLEI
1FLJA
1FLMA
1FLTV
1FLTX
1FM0D
1FM0E
1FM4A
1FMCA
1FN9A
1FNDA
1FNLA
1FNYA
1FO8A
1FONA
1FQTA
1FR3A
1FRDA
1FRRA
1FS7A
1FSFA
1FSGA
1FSJB
1FT5A
1FTRA
1FUAA
1FUOA
1FUSA
1FUXA
1FVGA
1FVKA
1FVUA
1FVUB
1FX2A
1FXDA
1FXLA
1FXOA
1FYEA
1FZYA
1G0CA
1G0SA
1G1BA
1G1SA
1G1TA
1G2BA
1G2OA
1G2QA
1G2RA
1G3KA
1G3MA
1G3PA
1G4IA
1G5AA
1G5TA
1G6SA
1G6UA
1G8AA
1G8QA
1G8SA
1G9GA
1G9OA
1G57A
1G60A
1G61A
1G66A
1G68A
1G87A
1GA6A
1GAIA
1GARA
1GCIA
1GCOA
1GCQA
1GCQC
1GDEA
1GDVA
1GEGA
1GHEA
1GHXL
1GK7A
1GK8I
1GK9A
1GK9B
1GKKA
1GKPA
1GL2A
1GL2B
1GL2C
1GL2D
1GMXA
1GMYA
1GNDA
1GNYA
1GP0A
1GP6A
1GPEA
1GPQA
1GPRA
1GQ6A
1GQ8A
1GQAA
1GQIA
1GQNA
1GQVA
1GS5A
1GSKA
1GT1A
1GT91
1GTFA
1GTKA
1GTVA
1GU1A
1GU7A
1GUDA
1GUIA
1GUTA
1GUUA
1GV5A
1GV9A
1GVEA
1GVFA
1GVJA
1GVKB
1GVNA
1GVNB
1GVPA
1GVZA
1GWEA
1GWIA
1GWMA
1GX1A
1GXMA
1GXUA
1GXYA
1GYXA
1GZ2A
1GZ7A
1GZ8A
1GZCA
1H03P
1H05A
1H1NA
1H1YA
1H2BA
1H2CA
1H4GA
1H4RA
1H4XA
1H5QA
1H6FA
1H6HA
1H6LA
1H6TA
1H7EA
1H7MA
1H8PA
1H9MA
1H12A
1H32A
1H32B
1H46X
1H72C
1H75A
1H97A
1H98A
1HBNA
1HBNB
1HBNC
1HC9A
1HCBA
1HCZA
1HD2A
1HDHA
1HDKA
1HDOA
1HFCA
1HFEL
1HFES
1HFXA
1HG8A
1HGXA
1HH5A
1HH7A
1HH8A
1HJ5A
1HJ8A
1HJSA
1HK0X
1HLEA
1HLQA
1HM9A
1HMTA
1HNJA
1HP1A
1HPGA
1HPIA
1HQ1A
1HQSA
1HSLA
1HT6A
1HTRB
1HTRP
1HTWA
1HVYA
1HW1A
1HW6A
1HX0A
1HX6A
1HXHA
1HXIA
1HXNA
1HXPA
1HY7A
1HYEA
1HYOA
1HYPA
1HZ4A
1HZTA
1I07A
1I0DA
1I0RA
1I1JA
1I1NA
1I1XA
1I2KA
1I2MA
1I2SA
1I2TA
1I3CA
1I4UA
1I6LA
1I6NA
1I7BB
1I7QA
1I7QB
1I8AA
1I9GA
1I19A
1I24A
1I40A
1I71A
1I76A
1IAEA
1IAZA
1IBYA
1ICXA
1ID0A
1IDRA
1IE0A
1IEJA
1IFCA
1IG5A
1IGQA
1IHBA
1IHGA
1IITA
1IJQA
1IJVA
1IKQA
1IKTA
1IM5A
1INLA
1IO0A
1IOMA
1IOOA
1IQ6A
1IQQA
1IQZA
1IR1S
1IROA
1IS3A
1IS9A
1ISCA
1ISPA
1ISUA
1ITXA
1IU8A
1IUAA
1IUEA
1IUQA
1IUZA
1IV8A
1IVGA
1IW0A
1IWDA
1IX1A
1IX2A
1IXKA
1IXLA
1IY8A
1IYEA
1IYNA
1J05A
1J05B
1J09A
1J0HA
1J0OA
1J1NA
1J1UA
1J2LA
1J3AA
1J3WA
1J5WA
1J6OA
1J7GA
1J7XA
1J8BA
1J8QA
1J8UA
1J9LA
1J27A
1J30A
1J31A
1J34A
1J34B
1J34C
1J48A
1J58A
1J71A
1J83A
1J97A
1JA9A
1JAEA
1JAKA
1JATA
1JATB
1JAYA
1JB3A
1JB9A
1JBEA
1JBMA
1JBOA
1JBOB
1JBWA
1JD0A
1JD1A
1JDHB
1JDLA
1JDWA
1JERA
1JEVA
1JFBA
1JFLA
1JFUA
1JFXA
1JG1A
1JH6A
1JHDA
1JI1A
1JI7A
1JIFA
1JIGA
1JIWI
1JIXA
1JJFA
1JJTA
1JKEA
1JKMA
1JKVA
1JLJA
1JLNA
1JLTA
1JLTB
1JM0A
1JM1A
1JMXA
1JMXB
1JMXG
1JNDA
1JNIA
1JNRA
1JNRB
1JO0A
1JO8A
1JOVA
1JP4A
1JPST
1JQEA
1JR0D
1JR2A
1JR8A
1JTVA
1JU2A
1JU3A
1JUEA
1JUGA
1JUHA
1JV1A
1JVBA
1JVWA
1JW9B
1JWQA
1JY3N
1JY3O
1JY3P
1JYHA
1JYRA
1JZTA
1K07A
1K1BA
1K1EA
1K2XA
1K2XB
1K3IA
1K3XA
1K3YA
1K4IA
1K4MA
1K4NA
1K5CA
1K5NA
1K5NB
1K6DA
1K6UA
1K6WA
1K6XA
1K7CA
1K7HA
1K7JA
1K8UA
1K9UA
1K12A
1K20A
1K27A
1K38A
1K55A
1K75A
1K77A
1K94A
1KA1A
1KAOA
1KAPP
1KB0A
1KCQA
1KCZA
1KDGA
1KDIA
1KDKA
1KEWA
1KF3A
1KFWA
1KG2A
1KGDA
1KGSA
1KHCA
1KHIA
1KJQA
1KKOA
1KL9A
1KLXA
1KMVA
1KMZA
1KNGA
1KNMA
1KO3A
1KOEA
1KOLA
1KOQA
1KP6A
1KPFA
1KPTA
1KQ3A
1KQ6A
1KQPA
1KQRA
1KQWA
1KR7A
1KRNA
1KS8A
1KSOA
1KT7A
1KTGA
1KTHA
1KUGA
1KV0A
1KV7A
1KVEA
1KVEB
1KW3B
1KWGA
1KXVC
1KY2A
1KYFA
1KZFA
1KZQA
1L1DA
1L3KA
1L3PA
1L5OA
1L6PA
1L6RA
1L6SA
1L6WA
1L6XA
1L6XB
1L7AA
1L9LA
1L9XA
1LAMA
1LATA
1LAUE
1LB6A
1LBUA
1LC5A
1LDTL
1LE6A
1LFWA
1LG7A
1LITA
1LJ5A
1LJ8A
1LK2B
1LK5A
1LKDA
1LKFA
1LKKA
1LKPA
1LL2A
1LLNA
1LLPA
1LM4A
1LM5A
1LM8B
1LM8C
1LM8V
1LMB3
1LMIA
1LMQA
1LNIA
1LO6A
1LO7A
1LOPA
1LOQA
1LQ9A
1LQAA
1LQUB
1LQVA
1LQVC
1LQYA
1LR0A
1LR7A
1LS6A
1LS9A
1LSHB
1LSTA
1LTMA
1LTSC
1LTZA
1LU4A
1LUAA
1LUCA
1LUCB
1LUGA
1LV7A
1LVWA
1LWBA
1LWDA
1LY2A
1LYXA
1LZJA
1LZLA
1M07A
1M0LA
1M0SA
1M0WA
1M1FA
1M1QA
1M2AA
1M2GA
1M2XA
1M3SA
1M3UA
1M4IA
1M4LA
1M5SA
1M5WA
1M6JA
1M6KA
1M6SA
1M6YA
1M6ZA
1M7GA
1M7JA
1M7SA
1M7YA
1M8AA
1M8ZA
1M22A
1M33A
1M48A
1M55A
1M65A
1MAIA
1MB3A
1MBAA
1MC2A
1MD6A
1MDCA
1MDXA
1ME4A
1MG4A
1MGRA
1MGTA
1MHNA
1MHWA
1MHWC
1MI3A
1MIDA
1MIXA
1MJ4A
1MJ5A
1MJFA
1MJUH
1MJUL
1MKZA
1ML4A
1MLAA
1MLWA
1MMLA
1MMQA
1MN8A
1MNGA
1MO1A
1MO9A
1MOFA
1MOQA
1MPGA
1MPXA
1MQKH
1MQKL
1MR3F
1MR7A
1MR8A
1MRGA
1MRJA
1MSKA
1MTPA
1MTPB
1MTZA
1MUCA
1MUGA
1MV8A
1MVEA
1MVOA
1MWPA
1MWQA
1MWVA
1MXGA
1MXIA
1MXRA
1MY5A
1MY6A
1MZ4A
1N0QA
1N0WB
1N1FA
1N1JA
1N1JB
1N1PA
1N1TA
1N2AA
1N3LA
1N7FA
1N7HA
1N7SA
1N7SB
1N7SC
1N7SD
1N8VA
1N9BA
1N13A
1N13B
1N40A
1N45A
1N57A
1N60A
1N60C
1N67A
1N71A
1N82A
1N83A
1N93X
1N97A
1NA3A
1NA5A
1NAQA
1NARA
1NB9A
1NBCA
1NC5A
1NC7A
1NCXA
1ND1A
1NE2B
1NE7A
1NE9A
1NEPA
1NF9A
1NFPA
1NG2A
1NH2B
1NH2C
1NH2D
1NH8A
1NHCA
1NHKL
1NK0A
1NKGA
1NKIA
1NKRA
1NLFA
1NLNA
1NM8A
1NN6A
1NNHA
1NNSA
1NNXA
1NO5A
1NOAA
1NOFA
1NOGA
1NOXA
1NP7A
1NPIA
1NPKA
1NPSA
1NPYA
1NQ6A
1NQ7A
1NQJA
1NQUA
1NR0A
1NR4A
1NRGA
1NRJA
1NRWA
1NS5A
1NSCA
1NTHA
1NTNA
1NTYA
1NU2A
1NU5A
1NULA
1NUUA
1NUYA
1NVMA
1NVMB
1NVRA
1NWAA
1NWPA
1NWWA
1NWZA
1NXCA
1NXJA
1NXMA
1NXUA
1NY1A
1NYCA
1NYKA
1NYTA
1NZJA
1NZYA
1O02A
1O08A
1O0IA
1O0XA
1O0YA
1O1XA
1O1YA
1O1ZA
1O2DA
1O3UA
1O4RA
1O4SA
1O4TA
1O4VA
1O4WA
1O4YA
1O5KA
1O5UA
1O6AA
1O6IA
1O6SB
1O6VB
1O7EA
1O7IA
1O7JA
1O7QA
1O8VA
1O9RA
1O13A
1O26A
1O50A
1O54A
1O58A
1O69A
1O81A
1O82A
1O91A
1O97C
1O97D
1O98A
1OA0A
1OA3A
1OAAA
1OAEA
1OAFA
1OAIA
1OAOC
1OAQH
1OAQL
1OB3A
1OB8A
1OBBA
1OBFO
1OC2A
1OCBA
1OCKA
1OCYA
1OD3A
1OD6A
1ODKA
1ODMA
1OEJA
1OEWA
1OF8A
1OFLA
1OFWA
1OFZA
1OGDA
1OGQA
1OH4A
1OHLA
1OI2A
1OI6A
1OJHA
1OJQA
1OJXA
1OK0A
1OK7A
1OKIA
1OKOA
1OKSA
1OLLA
1OLMA
1OLRA
1ON3A
1ONCA
1ONRA
1ONWA
1OO2A
1OOEA
1OOHA
1OOTA
1OOYA
1OQ1A
1OQCA
1OQFA
1OQJA
1OQVA
1ORRA
1ORUA
1OS8A
1OSYA
1OTFA
1OTHA
1OU8A
1OUWA
1OVAA
1OW4A
1OWLA
1OX0A
1OXSC
1OYGA
1OYJA
1OZ2A
1OZ9A
1OZNA
1P0ZA
1P1HA
1P1MA
1P1XA
1P2FA
1P3CA
1P3DA
1P4CA
1P5DX
1P5FA
1P5VB
1P5ZB
1P6OA
1P7GA
1P9GA
1P9HA
1P77A
1P90A
1P99A
1PA2A
1PAZA
1PB7A
1PBEA
1PBJA
1PBYA
1PBYB
1PBYC
1PCFA
1PCHA
1PDOA
1PE1A
1PE9A
1PFBA
1PFVA
1PGSA
1PGVA
1PHPA
1PJXA
1PK6A
1PK6B
1PK6C
1PKHA
1PKOA
1PL8A
1PLCA
1PM4A
1PMHX
1PMIA
1PMYA
1PN0A
1PO7A
1POAA
1POTA
1PPFE
1PPOA
1PQ4A
1PQ7A
1PRNA
1PSRA
1PT6A
1PTFA
1PU6A
1PUCA
1PV5A
1PVAA
1PVMA
1PWAA
1PWBA
1PWGA
1PXZA
1PYFA
1PYLA
1PYMA
1PYOA
1PYOB
1PYQA
1PZ3A
1PZ4A
1PZGA
1PZSA
1Q08A
1Q0GA
1Q0QA
1Q0RA
1Q0UA
1Q1AA
1Q1CA
1Q4UA
1Q5YA
1Q5ZA
1Q6HA
1Q6OA
1Q7EA
1Q7FA
1Q7RA
1Q7TA
1Q8BA
1Q8DA
1Q8FA
1Q8RA
1Q9BA
1Q9UA
1Q16B
1Q16C
1Q33A
1Q35A
1Q40C
1Q52A
1Q92A
1QADA
1QAHA
1QAVA
1QAVB
1QAZA
1QB5D
1QB7A
1QCXA
1QCZA
1QD1A
1QD9A
1QF8A
1QFMA
1QFTA
1QGIA
1QGJA
1QH4A
1QH5A
1QH8A
1QH8B
1QHDA
1QHFA
1QHOA
1QHQA
1QHVA
1QIPA
1QJ5A
1QK8A
1QKRA
1QL0A
1QL3A
1QMGA
1QMVA
1QNAA
1QNNA
1QNRA
1QNTA
1QNXA
1QO2A
1QOPA
1QOPB
1QOZA
1QPCA
1QQ7A
1QQFA
1QQP1
1QQP2
1QQP3
1QQP4
1QREA
1QSAA
1QSGA
1QTNA
1QTNB
1QTWA
1QU9A
1QUEA
1QV1A
1QVEA
1QW2A
1QWDA
1QWGA
1QWKA
1QWLA
1QWOA
1QWRA
1QWYA
1QWZA
1QXYA
1QY5A
1QZ9A
1QZMA
1QZNA
1R03A
1R0KA
1R0MA
1R0RI
1R0UA
1R1QA
1R2DA
1R2QA
1R2RA
1R3DA
1R3QA
1R4PA
1R4PB
1R4VA
1R4XA
1R5LA
1R6JA
1R6XA
1R7AA
1R7OA
1R8HA
1R8OA
1R8OB
1R9CA
1R9LA
1R12A
1R26A
1R45A
1R55A
1R66A
1R75A
1R85A
1R88A
1R89A
1RA9A
1RB9A
1RC9A
1RCFA
1RCQA
1RDO1
1RDSA
1RE9A
1RECA
1REGX
1REWA
1REWC
1RFSA
1RFYA
1RG8A
1RGXA
1RH4A
1RHCA
1RHSA
1RIEA
1RJ9A
1RJDA
1RJUV
1RK4A
1RKIA
1RKQA
1RKUA
1RKYA
1RL0A
1RL9A
1RLHA
1RLIA
1RM6B
1RM6C
1RM8A
1ROCA
1RP0A
1RPOA
1RQBA
1RQJA
1RQPA
1RQWA
1RRMA
1RROA
1RSYA
1RTQA
1RTUA
1RU4A
1RV9A
1RVKA
1RW1A
1RW7A
1RWIA
1RWJA
1RWRA
1RWYA
1RX0A
1RXQA
1RXYA
1RY6A
1RY9A
1RYIA
1RYQA
1RZ3A
1RZFL
1S0PA
1S0RA
1S1DA
1S1FA
1S1PA
1S2OA
1S3DA
1S3EA
1S4KA
1S5AA
1S5EB
1S5NA
1S5UA
1S7ZA
1S8IA
1S8NA
1S9RA
1S9UA
1S68A
1S69A
1S95A
1SAUA
1SB2A
1SB2B
1SBPA
1SBXA
1SBYA
1SDIA
1SDWA
1SENA
1SF9A
1SFFA
1SFPA
1SFSA
1SFTA
1SFXA
1SG4A
1SGVA
1SGWA
1SH7A
1SH8A
1SHKA
1SHUX
1SIXA
1SJ1A
1SJDA
1SJVA
1SJWA
1SK4A
1SLTA
1SMBA
1SMOA
1SMXA
1SNBA
1SNCA
1SPGA
1SPGB
1SQ2N
1SQSA
1SR7A
1SR8A
1SRVA
1SS4A
1ST9A
1SU2A
1SU8A
1SVBA
1SVDM
1SVIA
1SVYA
1SVZA
1SXRA
1SXVA
1SY7A
1SYYA
1SZ7A
1SZNA
1T00A
1T06A
1T07A
1T0AA
1T0BA
1T0HA
1T0TV
1T1JA
1T1UA
1T1VA
1T2AA
1T2DA
1T2JA
1T3IA
1T3QA
1T3QC
1T3YA
1T4BA
1T5OA
1T6CA
1T6GC
1T6T1
1T7RA
1T8HA
1T8KA
1T8TA
1T9HA
1T9MA
1T15A
1T32A
1T46A
1T56A
1T61A
1T61C
1T64A
1T82A
1T92A
1TA3A
1TA3B
1TA8A
1TA9A
1TADA
1TBFA
1TC1A
1TC5A
1TCAA
1TCVC
1TD4A
1TDZA
1TE2A
1TENA
1TFEA
1TG0A
1TGSI
1TGXA
1THFD
1THGA
1THMA
1THXA
1TIBA
1TIFA
1TIQA
1TJOA
1TJXA
1TJYA
1TKEA
1TKJA
1TKSA
1TMXA
1TMYA
1TO4A
1TOAA
1TONA
1TP6A
1TP9A
1TQ5A
1TQGA
1TQHA
1TQJA
1TR0A
1TS9A
1TU1A
1TU6A
1TU7A
1TU9A
1TUAA
1TUHA
1TUKA
1TUVA
1TUWA
1TVDA
1TVNA
1TW9A
1TWDA
1TWYA
1TX2A
1TX4A
1TXGA
1TXOA
1TY9A
1TYJA
1TZPA
1TZVA
1TZYA
1TZYB
1TZYC
1TZYD
1U00A
1U02A
1U07A
1U0KA
1U1TA
1U1WA
1U2HA
1U2PA
1U3IA
1U4GA
1U6KA
1U6TA
1U6ZA
1U7IA
1U7PA
1U8FO
1U8VA
1U8ZA
1U9CA
1U9DA
1U11A
1U14A
1U53A
1U60A
1U69A
1UA4A
1UAIA
1UALA
1UARA
1UASA
1UAYA
1UB3A
1UCDA
1UCRA
1UCSA
1UD9A
1UDCA
1UEHA
1UEKA
1UFBA
1UFOA
1UFYA
1UG6A
1UGPA
1UGPB
1UGXA
1UHAA
1UHEA
1UHKA
1UI0A
1UJ2A
1UJ6A
1UJ8A
1UJCA
1UJNA
1UKFA
1UKKA
1UKUA
1UKVG
1UKVY
1UKZA
1ULRA
1UMDA
1UMDB
1UMGA
1UMKA
1UMNA
1UMZA
1UNKA
1UNNC
1UNQA
1UOYA
1UOZA
1UPDA
1UPQA
1UPSA
1UQRA
1URDA
1URNA
1URRA
1US5A
1USCA
1USEA
1USGA
1USPA
1UTIA
1UTXA
1UU3A
1UUFA
1UUJA
1UUQA
1UUXA
1UV0A
1UV4A
1UV7A
1UVQA
1UVQB
1UW1A
1UW4A
1UW4B
1UWCA
1UWFA
1UWUB
1UWVA
1UWWA
1UXXX
1UXZA
1UY4A
1UYLA
1UYPA
1UZ3A
1UZKA
1UZVA
1V02A
1V05A
1V0AA
1V0EA
1V0LA
1V1HA
1V2DA
1V3EA
1V3WA
1V3YA
1V4PA
1V4VA
1V4XB
1V5DA
1V5VA
1V6HA
1V6PA
1V6SA
1V6TA
1V7LA
1V7RA
1V7ZA
1V8AA
1V8EA
1V8FA
1V8RA
1V9FA
1V9MA
1V9YA
1V37A
1V58A
1V70A
1V84A
1V93A
1V96A
1V98A
1VA0A
1VA4A
1VAJA
1VAPA
1VBIA
1VBKA
1VBLA
1VBRA
1VBWA
1VC4A
1VCAA
1VCLA
1VD3A
1VDWA
1VE2B
1VEFA
1VEMA
1VF1A
1VF8A
1VFAB
1VFRA
1VFSA
1VG8A
1VGGA
1VH5A
1VHEA
1VHFA
1VHNA
1VHUA
1VHWA
1VI6A
1VI9A
1VIAA
1VIMA
1VIOA
1VIYA
1VIZA
1VJEA
1VJFA
1VJLA
1VJOA
1VJUA
1VJWA
1VK1A
1VK2A
1VK4A
1VK8A
1VKBA
1VKEA
1VKFA
1VKHA
1VKIA
1VKKA
1VKMA
1VKNA
1VL1A
1VL4A
1VL5A
1VL7A
1VLAA
1VLCA
1VLJA
1VLPA
1VLRB
1VLSA
1VLYA
1VM0A
1VMAA
1VMBA
1VMEA
1VMFA
1VMGA
1VMHA
1VMJA
1VP2A
1VP4A
1VP6A
1VP8A
1VPBA
1VPDA
1VPHA
1VPMA
1VPRA
1VPSA
1VQ3A
1VQSA
1VQZA
1VR5A
1VR6A
1VR7A
1VR8A
1VRMA
1VSDA
1VSRA
1VYBA
1VYFA
1VYIA
1VYKA
1VYOA
1VYRA
1VZMA
1W0HA
1W0NA
1W1HA
1W2FA
1W2IA
1W2LA
1W2PA
1W2WA
1W2WB
1W2YA
1W3IA
1W3WA
1W4RA
1W4SA
1W4TA
1W4VA
1W6GA
1W6SA
1W6SB
1W8MA
1W9AA
1W9PA
1W9SA
1W15A
1W23A
1W27A
1W53A
1W66A
1W70A
1W78A
1W96A
1W99A
1WA3A
1WABA
1WADA
1WB0A
1WBAA
1WBEA
1WBIA
1WC2A
1WC3A
1WCGA
1WCHA
1WCUA
1WCWA
1WD3A
1WDDA
1WDDS
1WDNA
1WDPA
1WDVA
1WEHA
1WF3A
1WFAA
1WHIA
1WHOA
1WHZA
1WKAA
1WKOA
1WKQA
1WKRA
1WKUA
1WL4A
1WL7A
1WL8A
1WL9A
1WLGA
1WLJA
1WLTA
1WLUA
1WLZA
1WM3A
1WMAA
1WMDA
1WMSA
1WMUA
1WMUB
1WMWA
1WMZA
1WN2A
1WNAA
1WNYA
1WO8A
1WOJA
1WOLA
1WOQA
1WOVA
1WOZA
1WP5A
1WPNA
1WQ8A
1WQJB
1WQJI
1WR8A
1WRIA
1WS0A
1WS8A
1WTAA
1WTEA
1WTJA
1WU9A
1WUKL
1WUKS
1WURA
1WV3A
1WVEC
1WVFA
1WVGA
1WVQA
1WW7A
1WWIA
1WWRA
1WX1A
1WXCA
1WXCB
1WXIA
1WXXA
1WY1A
1WY2A
1WYXA
1WZAA
1WZNA
1WZZA
1X1NA
1X1RA
1X1TA
1X3KA
1X3SA
1X3XA
1X6IA
1X6OA
1X6VB
1X6ZA
1X7DA
1X7VA
1X8QA
1X9DA
1X9IA
1X9UA
1X13A
1X38A
1X46A
1X54A
1X74A
1X82A
1X88A
1XA1A
1XAUA
1XB9A
1XBIA
1XC1A
1XCRA
1XD3A
1XDNA
1XDWA
1XDZA
1XEDA
1XEOA
1XFFA
1XFJA
1XFKA
1XG0A
1XG0B
1XG0C
1XG2A
1XG2B
1XG5A
1XGSA
1XH8A
1XHDA
1XHNA
1XI3A
1XIWA
1XIWB
1XIWD
1XIYA
1XJEA
1XJUA
1XK7A
1XKFA
1XKNA
1XKYA
1XM8A
1XMKA
1XMPA
1XMTA
1XNBA
1XNFA
1XNKA
1XO7A
1XOCA
1XODA
1XOVA
1XPCA
1XPHA
1XQAA
1XQOA
1XREA
1XRUA
1XS1A
1XS5A
1XSOA
1XSSA
1XSVA
1XSZA
1XT5A
1XTEA
1XTTA
1XTYA
1XU1A
1XU1R
1XUQA
1XV5A
1XVGA
1XVGC
1XVGE
1XVQA
1XVWA
1XVXA
1XWWA
1XX1A
1XXQA
1XYZA
1XZZA
1Y02A
1Y07A
1Y0BA
1Y0HA
1Y0KA
1Y0OA
1Y0PA
1Y0UA
1Y0YA
1Y1NA
1Y2KA
1Y2TA
1Y4HA
1Y4JA
1Y4LA
1Y4TA
1Y4WA
1Y5EA
1Y6VA
1Y6XA
1Y6ZB
1Y7LA
1Y7TA
1Y7WA
1Y7YA
1Y8AA
1Y9AA
1Y9QA
1Y9TA
1Y9UA
1Y9WA
1Y9ZA
1Y12A
1Y37A
1Y42X
1Y43A
1Y43B
1Y60A
1Y63A
1Y66A
1Y80A
1Y88A
1YACA
1YAIA
1YALA
1YB1A
1YB3A
1YB5A
1YBIA
1YBZA
1YC5A
1YCCA
1YCKA
1YD0A
1YDIA
1YDYA
1YFQA
1YGHA
1YGTA
1YHLA
1YIIA
1YIXA
1YKDA
1YKIA
1YKSA
1YKUA
1YLIA
1YLLA
1YLMA
1YM3A
1YMKA
1YN8A
1YN9A
1YNAA
1YNBA
1YNQA
1YO3A
1YOAA
1YOCA
1YONA
1YPCI
1YPFA
1YPHC
1YPHE
1YPQA
1YQEA
1YQGA
1YQHA
1YQTA
1YQZA
1YRBA
1YRKA
1YS1X
1YS6A
1YSLA
1YSQA
1YSRA
1YT3A
1YT8A
1YTLA
1YTQA
1YU0A
1YU5X
1YUMA
1YUZA
1YVDA
1YW5A
1YWFA
1YWMA
1YX1A
1YXMA
1YXYA
1YYAA
1YYDA
1YZFA
1YZMA
1YZXA
1Z02A
1Z06A
1Z0SA
1Z0WA
1Z1LA
1Z1SA
1Z2NX
1Z2UA
1Z3EA
1Z3EB
1Z3XA
1Z4RA
1Z5RA
1Z6MA
1Z6NA
1Z6OA
1Z6OM
1Z7AA
1Z7KB
1Z8OA
1Z9TA
1Z21A
1Z41A
1Z53A
1Z57A
1Z67A
1Z70X
1Z72A
1Z96A
1ZAIA
1ZB9A
1ZC0A
1ZCEA
1ZCHA
1ZCJA
1ZD0A
1ZD7A
1ZDNA
1ZE3H
1ZEDA
1ZELA
1ZEMA
1ZG4A
1ZGDA
1ZGKA
1ZH5A
1ZHHA
1ZHSA
1ZHZA
1ZINA
1ZJAA
1ZJCA
1ZJJA
1ZK4A
1ZK5A
1ZK7A
1ZKCA
1ZKEA
1ZKIA
1ZKJA
1ZKKA
1ZKLA
1ZKPA
1ZL0A
1ZLBA
1ZLDA
1ZLHB
1ZLMA
1ZLQA
1ZMAA
1ZMMB
1ZMPA
1ZMTA
1ZN6A
1ZN8A
1ZNBA
1ZNGA
1ZODA
1ZOSA
1ZPDA
1ZPSA
1ZPVA
1ZPWX
1ZQ6A
1ZQ9A
1ZR3A
1ZR6A
1ZRUA
1ZS4A
1ZS9A
1ZSWA
1ZSXA
1ZSYA
1ZTFA
1ZUD1
1ZUD2
1ZUOA
1ZUUA
1ZUWA
1ZUYA
1ZVTA
1ZVYA
1ZWXA
1ZWYB
1ZWZA
1ZX6A
1ZX8A
1ZXTA
1ZY7A
1ZZ1A
1ZZEA
1ZZGA
1ZZKA
1ZZMA
1ZZOA
1ZZWA
2A0BA
2A0MA
2A1HA
2A1IA
2A2MA
2A2NA
2A2RA
2A3MA
2A3NA
2A4AA
2A4DA
2A5JA
2A5SA
2A6CA
2A6SA
2A6VA
2A6ZA
2A7BA
2A8YA
2A9DA
2A9IA
2A9KB
2A9OA
2A9SA
2A10A
2A14A
2A15A
2A26A
2A28A
2A35A
2A40B
2A46A
2A50A
2A50B
2A65A
2AA1B
2AALA
2AANA
2AB0A
2ABHA
2ABKA
2ABWA
2AC7A
2ACFA
2ACTA
2ACYA
2AD7B
2AE2A
2AEEA
2AENA
2AEXA
2AFWA
2AG4A
2AG5A
2AH5A
2AH6A
2AHEA
2AHNA
2AI4A
2AIBA
2AIFA
2AIOA
2AIQA
2AJ6A
2AJ7A
2AJCA
2AK3A
2AKAB
2AKFA
2AKZA
2AL7A
2ALIA
2AMLA
2AO0A
2AO9A
2AP1A
2APJA
2APOA
2APOB
2APRA
2AQ5A
2AQJA
2AQMA
2AQNA
2AR1A
2ARCA
2AREA
2AS0A
2ASBA
2ASCA
2ASFA
2ASHA
2ATSA
2ATVA
2AUWA
2AVDA
2AVKA
2AVMA
2AWGA
2AXCA
2AXIA
2AXOA
2AXQA
2AXWA
2AYDA
2AYHA
2AZWA
2B06A
2B0AA
2B0TA
2B0VA
2B1KA
2B2HA
2B3FA
2B3GA
2B3HA
2B3NA
2B4HA
2B4YA
2B5AA
2B6DA
2B6HA
2B6NA
2B7UA
2B8IA
2B8MA
2B9EA
2B9WA
2B18A
2B49A
2B56A
2B58A
2B61A
2B69A
2B82A
2B97A
2BAAA
2BAYA
2BBAA
2BBEA
2BBKH
2BBKL
2BC2A
2BCMA
2BCQA
2BD0A
2BDGA
2BDRA
2BEMA
2BEPA
2BEQA
2BEQD
2BF5A
2BF6A
2BF9A
2BFFA
2BFFB
2BFWA
2BG5A
2BGKA
2BGSA
2BH8A
2BI0A
2BIBA
2BIIA
2BIKB
2BJDA
2BJFA
2BJIA
2BJKA
2BJNB
2BJQA
2BJRA
2BJUA
2BJWA
2BK8A
2BKAA
2BKFA
2BKLA
2BKMA
2BKOA
2BKRA
2BKRB
2BKXA
2BKYA
2BKYX
2BL9A
2BLFA
2BLFB
2BLNA
2BM3A
2BMEA
2BMOA
2BMOB
2BNMA
2BO4A
2BO9A
2BO9B
2BODX
2BOPA
2BOYA
2BPQA
2BQ4A
2BRFA
2BRJA
2BRYA
2BSJA
2BSNA
2BSYA
2BT6A
2BT9A
2BU3B
2BURA
2BURB
2BV2A
2BV4A
2BW0A
2BW4A
2BW8A
2BWFA
2BWKA
2BWQA
2BWRA
2BY2A
2BZ1A
2BZ6H
2BZ6L
2BZVA
2C07A
2C0CA
2C0DA
2C0NA
2C0ZA
2C1DA
2C1DB
2C1LA
2C1SA
2C2IA
2C2NA
2C2PA
2C2UA
2C3FA
2C3VA
2C4NA
2C4WA
2C5QA
2C6QA
2C6UA
2C6ZA
2C7PA
2C7XA
2C8MA
2C9QA
2C9VA
2C9WA
2C15A
2C29D
2C31A
2C41A
2C46A
2C60A
2C61A
2C71A
2C78A
2C81A
2C92A
2C95A
2CAKA
2CARA
2CAYA
2CB2A
2CB8A
2CB9A
2CBPA
2CBZA
2CC0A
2CC6A
2CCHB
2CCMA
2CCVA
2CCWA
2CD9A
2CDNA
2CDUA
2CFCA
2CFEA
2CFMA
2CG7A
2CGQA
2CH5A
2CHDA
2CHHA
2CIAA
2CIOA
2CISA
2CIUA
2CIWA
2CJ3A
2CJ4A
2CJGA
2CJLA
2CJPA
2CJTA
2CKKA
2CKSA
2CL2A
2CL5A
2CM6B
2CMDA
2CMTA
2CNQA
2CO3A
2COVD
2CPGA
2CS7A
2CU5A
2CU9A
2CULA
2CVDA
2CVIA
2CVLA
2CVZA
2CW2A
2CWQA
2CWRA
2CWSA
2CWYA
2CWZA
2CX1A
2CXAA
2CXBA
2CXHA
2CXIA
2CXNA
2CXXA
2CXYA
2CY3A
2CY5A
2CYBA
2CYEA
2CYGA
2CYJA
2CZ2A
2CZ4A
2CZ8A
2CZDA
2CZLA
2CZQA
2D0WA
2D1CA
2D1EA
2D1GA
2D1LA
2D1YA
2D2FA
2D3DA
2D3MA
2D3YA
2D4PA
2D4VA
2D5CA
2D5JA
2D5KA
2D5MA
2D5WA
2D6MA
2D7TH
2D7TL
2D7VA
2D16A
2D29A
2D37A
2D58A
2D68A
2D69A
2D80A
2DB7A
2DBQA
2DBYA
2DC3A
2DC5A
2DD7A
2DDBA
2DDSA
2DDXA
2DE2A
2DE6A
2DE6D
2DEBA
2DEJA
2DEPA
2DF6A
2DFBA
2DFDA
2DG1A
2DG5A
2DG5B
2DGEA
2DH4A
2DJIA
2DKJA
2DKNA
2DLBA
2DN2A
2DN2B
2DPOA
2DQAA
2DR1A
2DRIA
2DRKA
2DS5A
2DSJA
2DSKA
2DSNA
2DSXA
2DSYA
2DT4A
2DT8A
2DTCA
2DTJA
2DTOA
2DTXA
2DURA
2DUYA
2DVMA
2DVTA
2DWUA
2DXAA
2DXCA
2DXCB
2DXCC
2DXQA
2DY0A
2DY1A
2DYAA
2DYJA
2DYKA
2DYRA
2DYRB
2DYRC
2DYRD
2DYRE
2DYRF
2DYRG
2DYRH
2DYRI
2DYRJ
2DYRK
2DYRL
2DYRM
2DYUA
2E0TA
2E1NA
2E1VA
2E1ZA
2E2OA
2E2RA
2E3BA
2E3HA
2E3OA
2E3VA
2E3ZA
2E4MC
2E4TA
2E5FA
2E5YA
2E6FA
2E6UX
2E7UA
2E7VA
2E7XA
2E7YA
2E7ZA
2E8EA
2E8GA
2E9LA
2E9YA
2E11A
2E27H
2E27L
2EA3A
2EA7A
2EALA
2EAQA
2EB4A
2EBFX
2ECQA
2EEOB
2EEYA
2EF8A
2EG3A
2EG6A
2EGDA
2EGJA
2EH3A
2EH6A
2EHGA
2EHMA
2EHSA
2EHZA
2EI5A
2EIXA
2EIYA
2EJ8A
2EJAA
2EJNA
2EK9A
2EKGA
2EKLA
2EKPA
2ELCA
2ELFA
2ENDA
2ENGA
2EO4A
2EO5A
2EPIA
2EPJA
2EPLX
2EQ6A
2EQ7C
2EQ8C
2ERBA
2ERFA
2ERLA
2ERWA
2ERXA
2ERYA
2ES4E
2ESSA
2ET1A
2ETBA
2ETJA
2ETVA
2ETWA
2ETXA
2EU9A
2EV0A
2EV1A
2EVEA
2EWHA
2EWTA
2EX0A
2EX2A
2EX4A
2EZ1A
2F01A
2F02A
2F0CA
2F1FA
2F1KA
2F1NA
2F1SA
2F1WA
2F2BA
2F2EA
2F4MA
2F4MB
2F4PA
2F5TX
2F5VA
2F5XA
2F6EA
2F6GA
2F6UA
2F7BA
2F7VA
2F7WA
2F8YA
2F9FA
2F9HA
2F9IA
2F9IB
2F9LA
2F22A
2F23A
2F46A
2F51A
2F62A
2F69A
2F71A
2F91A
2F91B
2F99A
2FA1A
2FA5A
2FA8A
2FAOA
2FB5A
2FB6A
2FBAA
2FBDA
2FBHA
2FBJH
2FBNA
2FBQA
2FC3A
2FCBA
2FCJA
2FCLA
2FCRA
2FCTA
2FD7A
2FDIA
2FDNA
2FDVA
2FE3A
2FE5A
2FE8A
2FEFB
2FEXA
2FFQA
2FFUA
2FG1A
2FGOA
2FGQX
2FH1B
2FHPA
2FHQA
2FHXA
2FHZA
2FHZB
2FI1A
2FI9A
2FIKA
2FK5A
2FK9A
2FLHA
2FMAA
2FMDA
2FMPA
2FN0B
2FNEA
2FNUA
2FO3A
2FOMA
2FOMB
2FOZA
2FP1A
2FP7A
2FP7B
2FPEA
2FPRB
2FQ3A
2FQPA
2FQXA
2FR2A
2FR5A
2FREA
2FRGP
2FS6A
2FSAA
2FSQA
2FSRA
2FSXA
2FT0A
2FT6A
2FTRA
2FTZA
2FU0A
2FU4A
2FUEA
2FUFA
2FULA
2FUPA
2FURA
2FVHA
2FVJA
2FVVA
2FVYA
2FWHA
2FWTA
2FWVA
2FXUA
2FY6A
2FYFA
2FYGA
2FYMA
2FYQA
2FYXA
2FZPA
2FZSA
2FZVA
2G0WA
2G1UA
2G2NA
2G2UB
2G3AA
2G3RA
2G3WA
2G4RA
2G5FA
2G5GX
2G5XA
2G7FA
2G7IA
2G7OA
2G7SA
2G8OA
2G8SA
2G29A
2G40A
2G50A
2G58A
2G62A
2G76A
2G81I
2G82A
2G84A
2GAGB
2GAGC
2GAGD
2GAIA
2GASA
2GB4A
2GB7A
2GBJA
2GBWA
2GBWB
2GC7D
2GC9A
2GCOA
2GCUA
2GDMA
2GDQA
2GDZA
2GECA
2GEPA
2GEYA
2GF3A
2GF9A
2GFFA
2GFNA
2GFQA
2GFSA
2GGCA
2GH9A
2GHAA
2GHSA
2GI3A
2GIAA
2GIAB
2GIBA
2GIQA
2GIYA
2GJ3A
2GJ8A
2GK4A
2GKEA
2GKGA
2GKPA
2GLCA
2GLZA
2GM6A
2GMNA
2GMQA
2GMSA
2GMWA
2GMYA
2GN0A
2GN4A
2GNCA
2GNPA
2GNRA
2GOUA
2GPCA
2GPEA
2GPIA
2GPYA
2GQ0A
2GQTA
2GQWA
2GRNA
2GRNB
2GS5A
2GS8A
2GSJA
2GTRA
2GU3A
2GUDA
2GUHA
2GUIA
2GUYA
2GV0A
2GVIA
2GVKA
2GW3A
2GW4A
2GWHA
2GWMA
2GWNA
2GXQA
2GYQA
2GZ1A
2GZ4A
2GZBA
2GZMA
2GZQA
2GZVA
2H0QA
2H0UA
2H1CA
2H1RA
2H1TA
2H2BA
2H2ZA
2H3HA
2H3LA
2H4PA
2H4PB
2H5CA
2H5FA
2H5OA
2H5YA
2H6DA
2H6VA
2H7JA
2H7MA
2H8GA
2H8OA
2H8ZA
2H9AA
2H9AB
2H12A
2H17A
2H61A
2H79A
2H88A
2H88B
2H88C
2H88D
2HA8A
2HANB
2HAQA
2HB5A
2HB7A
2HBBA
2HBGA
2HBUA
2HBWA
2HC8A
2HCFA
2HDOA
2HDSA
2HE2A
2HEUA
2HEWF
2HHGA
2HHJA
2HI0A
2HINA
2HIYA
2HJEA
2HJPA
2HJVA
2HK6A
2HKVA
2HL0A
2HLCA
2HLQA
2HLSA
2HLYA
2HMCA
2HMZA
2HNGA
2HNXA
2HO2A
2HOXA
2HP0A
2HPJA
2HPSA
2HPWA
2HQ2A
2HQ4A
2HQ6A
2HQ9A
2HQHA
2HQQA
2HQSA
2HQSC
2HQYA
2HRLA
2HRZA
2HSBA
2HSJA
2HSZA
2HT9A
2HTAA
2HTDA
2HU9A
2HUFA
2HUHA
2HUJA
2HURA
2HVMA
2HVWA
2HW2A
2HW4A
2HWVA
2HX0A
2HX5A
2HXIA
2HXMA
2HXSA
2HXTA
2HXVA
2HXWA
2HY5A
2HY5B
2HY5C
2HY7A
2HYKA
2HYSA
2HYTA
2HYUA
2HYXA
2HZCA
2HZFA
2HZIA
2HZLA
2I02A
2I1NA
2I2CA
2I2OA
2I2WA
2I3DA
2I4AA
2I4GA
2I5FA
2I5IA
2I5NC
2I5NH
2I5NL
2I5NM
2I5UA
2I5VO
2I6CA
2I6DA
2I6GB
2I6HA
2I6JA
2I6VA
2I7CA
2I7DA
2I7FA
2I7GA
2I8DA
2I8GA
2I8TA
2I9AA
2I9IA
2I9WA
2I9XA
2I13A
2I17A
2I24N
2I33A
2I49A
2I51A
2I53A
2I61A
2I62A
2I71A
2I74A
2IA7A
2IAAC
2IAYA
2IB5A
2IBAA
2IBDA
2IBJA
2IBLA
2IBPA
2IC6A
2ICAA
2ICGA
2ICJA
2ICTA
2ICYA
2ID3A
2IDLA
2IEJA
2IEJB
2IEQA
2IF6A
2IFCA
2IFQA
2IFRA
2IG6A
2IG8A
2IGBA
2IGDA
2IGIA
2IGPA
2IGTA
2IH2A
2IHDA
2IHYB
2II1A
2II2A
2IIAA
2IIDA
2IIHA
2IIMA
2IJ2A
2IJQA
2IJXA
2IKBA
2IKKA
2IKOA
2IKSA
2ILKA
2IMFA
2IMGA
2IMHA
2IMIA
2IMJA
2IMLA
2IMQX
2IMSA
2IN3A
2INCA
2INCB
2INCC
2INUA
2IOIA
2IORA
2IOYA
2IP1A
2IP2A
2IP6A
2IPIA
2IPZA
2IQJA
2IQYA
2IRUA
2IS8A
2ISBA
2ISMA
2ISYA
2IT9A
2ITEA
2IU1A
2IU4A
2IUCA
2IUFA
2IUGA
2IUMA
2IUWA
2IVFB
2IVFC
2IVYA
2IW0A
2IW1A
2IW2A
2IWAA
2IWBA
2IWKA
2IWNA
2IWOA
2IWQA
2IWRA
2IWZA
2IX4A
2IXCA
2IXDA
2IXKA
2IXTA
2IY2A
2IY9A
2IYAA
2IYFB
2IYVA
2IZ6A
2IZRA
2IZXA
2IZZA
2J05A
2J07A
2J0IA
2J1AA
2J1PB
2J1VA
2J2JA
2J4DA
2J4XA
2J5GA
2J5IA
2J5YA
2J5ZA
2J6AA
2J6BA
2J6FA
2J6GA
2J6LA
2J6VA
2J7QA
2J7VA
2J8BA
2J8CH
2J8CL
2J8CM
2J8HA
2J8KA
2J8MA
2J8WA
2J9CA
2J9WA
2J12A
2J23A
2J30A
2J41A
2J43A
2J45A
2J73A
2J78A
2J89A
2J97A
2JA2A
2JABA
2JAEA
2JAHA
2JAMA
2JBHB
2JBVA
2JBZA
2JC4A
2JC5A
2JC9A
2JCBA
2JCQA
2JDAA
2JDCA
2JDIA
2JDID
2JDOA
2JEKA
2JEPA
2JERA
2JF2A
2JFGA
2JFRA
2JG0A
2JG2A
2JG6A
2JGBA
2JGPA
2JH1A
2JH3A
2JHFA
2JHJA
2JHMF
2JHQA
2JI1A
2JIGA
2JIKA
2JISA
2JIWA
2JJUA
2JK9A
2JKBA
2JKGA
2JKLA
2JKOA
2JKUA
2JL1A
2LISA
2LTNA
2LTNB
2MBRA
2MCMA
2MHRA
2MNRA
2MSBA
2NACA
2NL9A
2NLIB
2NLLB
2NLRA
2NLVA
2NMLA
2NN5A
2NN8A
2NNRA
2NNUA
2NO4A
2NP5A
2NPTB
2NPTC
2NQ3A
2NQLA
2NQTA
2NQWA
2NR5A
2NR7A
2NRKA
2NRLA
2NRTA
2NSZA
2NT0A
2NTEA
2NTPA
2NTTA
2NUGA
2NUHA
2NUKA
2NUWA
2NV0A
2NW0A
2NW2B
2NW8A
2NWDX
2NWHA
2NWVA
2NX4A
2NXCA
2NXFA
2NXVA
2NYIA
2NZHA
2NZXA
2O02A
2O07A
2O08A
2O0BA
2O0MA
2O1BA
2O1KA
2O1QA
2O1RA
2O2GA
2O2PA
2O2XA
2O3FA
2O4DA
2O4TA
2O4VA
2O5HA
2O5UA
2O5VA
2O6NA
2O6PA
2O6SA
2O6YA
2O7CA
2O7IA
2O7RA
2O8LA
2O8PA
2O9SA
2O9UX
2O16A
2O23A
2O28A
2O37A
2O38A
2O57A
2O62A
2O66A
2O70A
2O90A
2O99A
2OA2A
2OAAA
2OAIA
2OATA
2OB0A
2OB5A
2OBHA
2OBIA
2OBPA
2OC5A
2OC6A
2OCGA
2OCSA
2OCZA
2OD0A
2OD4A
2OD5A
2OD6A
2ODAA
2ODEA
2ODFA
2ODIA
2ODKA
2ODLA
2OE3A
2OEBA
2OEMA
2OF3A
2OFCA
2OFKA
2OFYA
2OFZA
2OG1A
2OG5A
2OG9A
2OGFA
2OGIA
2OGQA
2OGRA
2OGXA
2OGXB
2OH1A
2OH5A
2OHHA
2OHWA
2OIFA
2OIKA
2OITA
2OIZA
2OIZD
2OJHA
2OKFA
2OKGA
2OKMA
2OKQA
2OKTA
2OKUA
2OL1A
2OLGA
2OLMA
2OLNA
2OLPA
2OLRA
2OMLA
2OMOA
2ON5A
2ONFA
2ONSA
2OO0A
2OO1A
2OO6A
2OOAA
2OOCA
2OOJA
2OOKA
2OOQA
2OP6A
2OPCA
2OPGA
2OPLA
2OPOA
2OQ1A
2OQ8A
2OQBA
2OQEA
2OQGA
2OQHA
2OQKA
2OQMA
2OQXA
2OQZA
2OR7A
2ORDA
2OS1A
2OS5A
2OSAA
2OSSA
2OSVA
2OT4A
2OT9A
2OTMA
2OTUA
2OU5A
2OU6A
2OUAA
2OUPA
2OUWA
2OV0A
2OV9A
2OVJA
2OX0A
2OX4A
2OX6A
2OX7A
2OXCA
2OXGA
2OXGB
2OXNA
2OY9A
2OYAA
2OYCA
2OYKB
2OYOA
2OYPA
2OYZA
2OZ9R
2OZEA
2OZFA
2OZHA
2OZIA
2OZJA
2OZNA
2OZNB
2OZTA
2OZVA
2P02A
2P0AA
2P0BA
2P0DA
2P0KA
2P0NA
2P0SA
2P0UA
2P0WA
2P1GA
2P1MB
2P1TA
2P2DA
2P2OA
2P2RA
2P2SA
2P2VA
2P2WA
2P3EB
2P3HA
2P3PA
2P3UA
2P3UB
2P3WA
2P3YA
2P4DA
2P4FA
2P4OA
2P5ED
2P5KA
2P5VA
2P5YA
2P6HA
2P6PA
2P6WA
2P6XA
2P6YA
2P6ZA
2P7IA
2P7OA
2P7UA
2P8BA
2P8EB
2P8IA
2P9WA
2P12A
2P13A
2P14A
2P17A
2P25A
2P26A
2P35A
2P39A
2P41A
2P45B
2P51A
2P54A
2P57A
2P58A
2P58B
2P58C
2P65A
2P74A
2P92A
2P97A
2PA1A
2PA7A
2PB1A
2PB2A
2PBCA
2PBDP
2PBIA
2PBIB
2PBNA
2PBPA
2PBQA
2PBRA
2PBTA
2PC1A
2PCJA
2PCNA
2PD1A
2PEFA
2PEQA
2PETA
2PEZA
2PF5A
2PFEA
2PFIA
2PFWA
2PFXA
2PFYA
2PFZA
2PG0A
2PGFA
2PGOA
2PGWA
2PGZA
2PH3A
2PHJA
2PHNA
2PI6A
2PIBA
2PIEA
2PIIA
2PJKA
2PJMA
2PJSA
2PJZA
2PK3A
2PK8A
2PKFA
2PLIA
2PLNA
2PLRA
2PLTA
2PLUA
2PMAA
2PMKA
2PMQA
2PMRA
2PMUA
2PN0A
2PN2A
2PN8A
2PNDA
2PNEA
2PNFA
2PNSA
2PNYA
2PO1A
2PO1B
2POCB
2POIA
2POKA
2PORA
2POSA
2PPTA
2PQCA
2PQMA
2PQRA
2PQRC
2PQTA
2PQVA
2PQXA
2PR5A
2PR7A
2PRVA
2PS1A
2PS2A
2PSPA
2PSTX
2PT0A
2PTHA
2PTMA
2PU3A
2PUYA
2PUZA
2PV2A
2PV4A
2PVBA
2PVIA
2PW0A
2PW4A
2PW8I
2PWAA
2PWWA
2PWYA
2PXRC
2PY2A
2PYQA
2PYTA
2PYWA
2PYXA
2PZ4A
2Q03A
2Q09A
2Q0IA
2Q0LA
2Q0SA
2Q0TA
2Q0YA
2Q1UA
2Q2FA
2Q2IA
2Q2VA
2Q3BA
2Q3GA
2Q3HA
2Q3PA
2Q3TA
2Q3UA
2Q4GW
2Q4GX
2Q4NA
2Q4OA
2Q4VB
2Q4WA
2Q4ZA
2Q5CA
2Q5LA
2Q7VA
2Q7WA
2Q8KA
2Q8NA
2Q8OA
2Q8PA
2Q8RE
2Q9FA
2Q9KA
2Q9OA
2Q9RA
2Q9TA
2Q9UA
2Q20A
2Q24A
2Q30A
2Q33A
2Q33B
2Q34A
2Q46A
2Q48A
2Q52A
2Q73A
2Q99A
2QA1A
2QAAA
2QACA
2QAEA
2QAPA
2QB7A
2QCEA
2QCKA
2QCPX
2QCUA
2QCVA
2QDEA
2QDSA
2QDXA
2QDYA
2QDYB
2QE8A
2QE9A
2QEDA
2QEEA
2QEUA
2QF4A
2QF9A
2QFAA
2QFAB
2QFAC
2QFEA
2QFFA
2QFKA
2QG3A
2QG6A
2QGYA
2QH7A
2QHAA
2QHFA
2QHKA
2QHLA
2QHOB
2QHPA
2QHQA
2QHSA
2QIBA
2QIFA
2QIIA
2QIMA
2QIPA
2QIWA
2QJ2A
2QJJA
2QJLA
2QJWA
2QJXA
2QJZA
2QK1A
2QKHA
2QKHB
2QKPA
2QL8A
2QLTA
2QLWA
2QM0A
2QM6A
2QM6B
2QMAA
2QMEA
2QMLA
2QMOA
2QMQA
2QN0A
2QNGA
2QNKA
2QNLA
2QNTA
2QNWA
2QO4A
2QOCA
2QORA
2QOSC
2QP8A
2QPNA
2QPQA
2QPWA
2QPXA
2QPZA
2QQ5A
2QQIA
2QQRA
2QQZA
2QR3A
2QRRA
2QRUA
2QS9A
2QSAA
2QSBA
2QSIA
2QSKA
2QSQA
2QSWA
2QT6A
2QTDA
2QTQA
2QTSA
2QTWA
2QUDA
2QULA
2QUOA
2QV5A
2QVBA
2QVKA
2QW5A
2QWLA
2QWXA
2QXIA
2QXVA
2QY9A
2QYCA
2QZCA
2QZQA
2QZTA
2QZUA
2R01A
2R0HA
2R0JA
2R0SA
2R0XA
2R1IA
2R1JL
2R2AA
2R2CB
2R2DA
2R2NA
2R2VA
2R2ZA
2R3BA
2R4GA
2R4IA
2R4QA
2R5DA
2R5EA
2R5GA
2R5OA
2R6JA
2R6OA
2R6UA
2R6VA
2R8EA
2R8OA
2R8QA
2R8WA
2R9FA
2R11A
2R14A
2R16A
2R25A
2R25B
2R31A
2R47A
2R48A
2R77A
2R78A
2R80A
2R80B
2R85A
2R99A
2R751
2RA4A
2RA9A
2RAFA
2RASA
2RAUA
2RB5A
2RB7A
2RBCA
2RBDA
2RBGA
2RC3A
2RC8A
2RCCA
2RCIA
2RCTA
2RCZA
2RDCA
2RDEA
2RDGA
2RDIA
2RDQA
2RDUA
2RDZA
2RE2A
2REEA
2REKA
2REMA
2REUA
2REZA
2RFAA
2RFFA
2RFGA
2RFIA
2RFMA
2RFPA
2RFQA
2RFRA
2RFVA
2RG8A
2RGMA
2RGQA
2RGXA
2RH0A
2RH2A
2RH3A
2RH6A
2RHEA
2RHFA
2RHMA
2RI0A
2RIJA
2RIKA
2RIQA
2RIVA
2RIVB
2RJ2A
2RK5A
2RKNA
2RKQA
2RKVA
2RKYA
2RLDA
2RMCA
2RN2A
2SICI
2SILA
2SN3A
2SPCA
2TGIA
2TNFA
2TPSA
2TRXA
2UTGA
2UU8A
2UUFB
2UUQA
2UURA
2UUYB
2UV4A
2UVJA
2UVKB
2UVOA
2UVPA
2UW1A
2UWAA
2UX7A
2UXQA
2UXWA
2UXYA
2UY2A
2UYKA
2UYWA
2UZ0A
2UZ1A
2UZCA
2V0HA
2V0UA
2V1QA
2V1WA
2V2KA
2V3GA
2V3IA
2V3SA
2V3VA
2V4NA
2V4WA
2V4XA
2V5JA
2V6KA
2V6UA
2V6XA
2V6XB
2V7SA
2V8FA
2V8TA
2V9VA
2V25A
2V27A
2V33A
2V40A
2V44A
2V75A
2V76A
2V89A
2VACA
2VAPA
2VB1A
2VBAA
2VBKA
2VBLA
2VBUA
2VC8A
2VCKB
2VD8A
2VE8A
2VECA
2VEPA
2VFKA
2VFMA
2VFRA
2VG0A
2VG3A
2VGAA
2VGDA
2VGOA
2VGOC
2VGXA
2VHAA
2VHBA
2VIFA
2VIGA
2VIMA
2VJIA
2VJMA
2VJVA
2VKJA
2VKLA
2VKPA
2VLAA
2VLGA
2VLIB
2VLUA
2VLWA
2VM1A
2VM5A
2VM9A
2VMHA
2VN5A
2VN5B
2VNFA
2VNGA
2VNKA
2VNVA
2VO4A
2VO9A
2VOVA
2VOZA
2VPAA
2VPBA
2VPBB
2VPJA
2VPNA
2VPTA
2VQ2A
2VQ8A
2VQ9A
2VQGA
2VQRA
2VROA
2VRWB
2VS0A
2VSMA
2VSMB
2VTCA
2VTVA
2VU0A
2VU9A
2VUNA
2VUVA
2VUWA
2VV6A
2VVEA
2VVPA
2VVTA
2VVWA
2VWSA
2VX6A
2VXIA
2VXKA
2VXYA
2VY6A
2VYOA
2VYWA
2VZ5A
2VZCA
2W0OA
2W1JA
2W1VA
2W1ZB
2W3ZA
2W4FA
2W4IA
2W20A
2W38A
2W40A
2W43A
2WEAA
2YQZA
2YRRA
2YSKA
2YV1A
2YV5A
2YV8A
2YV9A
2YVAA
2YVEA
2YVIA
2YVOA
2YVRA
2YVTA
2YVWA
2YW2A
2YW3A
2YWDA
2YWIA
2YWJA
2YWKA
2YWLA
2YWNA
2YWRA
2YWUA
2YWVA
2YXMA
2YXOA
2YXPX
2YXXA
2YYJA
2YYYA
2YZ1A
2YZCA
2YZHA
2YZJA
2YZVA
2Z08A
2Z0CA
2Z0JA
2Z0MA
2Z0NA
2Z0TA
2Z0XA
2Z1AA
2Z1EA
2Z1NA
2Z2FA
2Z2NA
2Z2XA
2Z3HA
2Z3QA
2Z3QB
2Z4UA
2Z5WA
2Z6FA
2Z6IA
2Z6OA
2Z7BA
2Z7FI
2Z8FA
2Z8GA
2Z8LA
2Z8RA
2Z8TX
2Z8XA
2Z9WA
2Z10A
2Z14A
2Z37A
2Z43A
2Z51A
2Z62A
2Z72A
2Z84A
2Z98A
2ZADA
2ZATA
2ZB4A
2ZBCA
2ZBOA
2ZBTA
2ZBXA
2ZC1A
2ZC8A
2ZCAA
2ZCNA
2ZCOA
2ZDHA
2ZDPA
2ZDRA
2ZEQA
2ZEXA
2ZFDA
2ZFDB
2ZFGA
2ZFNA
2ZFYA
2ZFZA
2ZGIA
2ZHZA
2ZIBA
2ZJDA
2ZKDA
2ZKOA
2ZL7A
2ZMUA
2ZNDA
2ZNRA
2ZOGA
2ZOUA
2ZPMA
2ZPOA
2ZPTX
2ZQ0A
2ZQEA
2ZQMA
2ZQOA
2ZS0A
2ZS0B
2ZS0C
2ZS0D
2ZSGA
3B4NA
3B4QA
3B4UA
3B4WA
3B5EA
3B5LB
3B5MA
3B5NA
3B5NB
3B5NC
3B5ND
3B5OA
3B6HA
3B6IA
3B6ZA
3B7CA
3B7EA
3B7LA
3B7NA
3B7OA
3B7RL
3B7YA
3B8FA
3B8IA
3B8LA
3B9GA
3B9OA
3B9TA
3B9VA
3B9WA
3B33A
3B42A
3B49A
3B50A
3B64A
3B76A
3B79A
3B84A
3BA1A
3BA3A
3BALA
3BB0A
3BB9A
3BBBA
3BBYA
3BC8A
3BC9A
3BCIA
3BCWA
3BCYA
3BD1A
3BDEA
3BDIA
3BDLA
3BDVA
3BE4A
3BE6A
3BECA
3BEDA
3BEJA
3BERA
3BEXA
3BF7A
3BFMA
3BFOA
3BFQG
3BFVA
3BG8A
3BGUA
3BGYA
3BHDA
3BHGA
3BHNA
3BHOA
3BHQA
3BHYA
3BI1A
3BI8A
3BIOA
3BIQA
3BIXA
3BJ1A
3BJDB
3BJEA
3BJHA
3BJNA
3BKBA
3BKPA
3BKRA
3BKWA
3BKXA
3BL6A
3BLNA
3BLZA
3BM7A
3BMXA
3BMZA
3BN6A
3BN7A
3BO6A
3BODA
3BOEA
3BOFA
3BOGC
3BOMA
3BOMB
3BOOA
3BORA
3BOSA
3BOVA
3BOXA
3BP1A
3BPKA
3BPTA
3BPWA
3BPYA
3BQ3A
3BQCA
3BQHA
3BQPA
3BQYA
3BR8A
3BRBB
3BRCA
3BS1A
3BS2A
3BS3A
3BS6A
3BSOA
3BSWA
3BT5A
3BU3A
3BUUA
3BV6A
3BW7A
3BW8A
3BWHA
3BWLA
3BWSA
3BWUC
3BWUD
3BWUF
3BWVB
3BX1C
3BX4A
3BX4B
3BXPA
3BXUA
3BY4A
3BY9A
3BYPA
3BYQA
3BZHA
3BZOB
3BZQA
3BZWA
3C05A
3C05B
3C0CA
3C0FB
3C0IA
3C1OA
3C1VA
3C2CA
3C2UA
3C3BA
3C3JA
3C3KA
3C3MA
3C3PA
3C3YA
3C4BA
3C4SA
3C4UA
3C5AA
3C5CA
3C5JA
3C5JB
3C5KA
3C5YA
3C6CA
3C6VA
3C7FA
3C7MA
3C8CA
3C8IA
3C8LA
3C8MA
3C8PA
3C8UA
3C8WA
3C8YA
3C9AA
3C9HB
3C9PA
3C9QA
3C9UA
3C18A
3C24A
3C31A
3C57A
3C65A
3C70A
3C85A
3C96A
3CA6A
3CA7A
3CA8A
3CAIA
3CANA
3CARA
3CB0A
3CB6A
3CBQA
3CC6A
3CC8A
3CCFA
3CCGA
3CCKA
3CE1A
3CE6A
3CE7A
3CECA
3CG4A
3CG5A
3CGBA
3CGHA
3CGIA
3CGVA
3CGXA
3CH0A
3CH3X
3CH4B
3CHMA
3CHVA
3CI3A
3CI6A
3CINA
3CIPG
3CITA
3CIVA
3CIWA
3CJ1A
3CJ8A
3CJEA
3CJMA
3CJNA
3CJPA
3CJSA
3CJSB
3CJYA
3CK1A
3CK4B
3CKCA
3CKJA
3CKMA
3CLAA
3CLMA
3CM0A
3CMFA
3CMGA
3CNEA
3CNHA
3CNUA
3CNYA
3CO4A
3CP0A
3CP5A
3CPGA
3CPNA
3CQ5A
3CQBA
3CQDA
3CQLA
3CQVA
3CRNA
3CRRA
3CSEA
3CSSA
3CSUC
3CT5A
3CT6A
3CTGA
3CTKA
3CTPA
3CTZA
3CU2A
3CU4A
3CUZA
3CVBA
3CVOA
3CW3A
3CWRA
3CX2A
3CXKA
3CXMA
3CYPB
3CZ6A
3CZXA
3D01A
3D02A
3D03A
3D0FA
3D0JA
3D0KB
3D0NA
3D0RA
3D1KA
3D1KB
3D1MA
3D1MC
3D1PA
3D2HA
3D2LA
3D2QA
3D3RA
3D3SA
3D3YA
3D5PA
3D7IA
3D7JA
3D9NA
3D9TA
3D9XA
3D9YA
3D30A
3D32A
3D33A
3D59A
3D79A
3DAAA
3DAGA
3DAIA
3DAOA
3DAQA
3DB2A
3DB7A
3DCDA
3DCNA
3DDJA
3DDTA
3DEOA
3DEWA
3DF7A
3DF8A
3DFFA
3DFGA
3DFRA
3DG9A
3DGPA
3DGPB
3DGTA
3DHAA
3DHZA
3DI4A
3DJ8A
3DJEA
3DJHA
3DJLA
3DK9A
3DKMA
3DLOA
3DLVA
3DM8A
3DMCA
3DMEA
3DMGA
3DMLA
3DMOA
3DN7A
3DNJA
3DNPA
3DNXA
3DO6A
3DO8A
3DPJA
3DQGA
3DR6A
3DR7A
3DRAA
3DS8A
3DSBA
3DSKA
3DSMA
3DSSA
3DSSB
3DT5A
3DTBA
3DTTA
3DTZA
3DUEA
3DUPA
3DV9A
3DWGA
3DWGC
3DWYA
3DY0A
3DZ1A
3DZAA
3DZZA
3E03A
3E04A
3E0XA
3E0ZA
3E3MA
3E3XA
3E4VA
3E5TA
3E6JA
3E6QA
3E6SA
3E7AA
3E7HA
3E7PA
3E8MA
3E8OA
3E8TA
3E9AA
3E9FA
3E9KA
3E10A
3E11A
3E16B
3E18A
3E23A
3E39A
3E48A
3E49A
3E57A
3E60A
3E64A
3E96A
3EBTA
3EBVA
3EBXA
3EBYA
3EBZA
3EC4A
3EC9A
3ECFA
3ECYA
3ED1A
3ED4A
3ED5A
3ED6A
3EDHA
3EDNA
3EDOA
3EDYA
3EEAA
3EEHA
3EERA
3EF8A
3EFYA
3EG4A
3EGOA
3EHWA
3EI6A
3EIZA
3EJ3A
3EJ3B
3EJFA
3EJGA
3EJKA
3EJVA
3EK2A
3EK3A
3EKGA
3EL6A
3ELGA
3ELKA
3ELNA
3ELWA
3EMHA
3EMWA
3EN8A
3ENBA
3ENDA
3ENKA
3EO6A
3EO8A
3EOFA
3EOIA
3EPQA
3EPRA
3EPVA
3ER7A
3ERJA
3ERPA
3ES1A
3ES4A
3ET4A
3ETFA
3ETNA
3EUAA
3EUOA
3EUPA
3EURA
3EUSA
3EW1A
3EWMA
3EWNA
3EXEA
3EXEB
3EXMA
3EXVA
3EYEA
3EYTA
3EZIA
3EZMA
3F09C
3F0DA
3F0HA
3F0IA
3F0PA
3F1LA
3F2ZA
3F3KA
3F3ZA
3F4AA
3F5RA
3F6QA
3F6QB
3F6VA
3F6WA
3F7WA
3F7XA
3F8XA
3F9MA
3F9SA
3F14A
3F40A
3F42A
3F43A
3F44A
3F52A
3F67A
3FAPB
3FASA
3FB9A
3FBUA
3FCNA
3FCXB
3FDBA
3FDGA
3FDHA
3FDOA
3FDXA
3FE4A
3FESA
3FF0A
3FF2A
3FFRA
3FG9A
3FGVA
3FGYA
3FH1A
3FH2A
3FHLC
3HTSB
3MBPA
3NULA
3PCCA
3PCCM
3PSGA
3RP2A
3SDHA
3SEBA
3STDA
3TGLA
3UKDA
3VUBA
4FIVA
4PGAA
4UBPA
4UBPB
4UBPC
5CYTR
5HPGA
5NLLA
5PALA
5TIMA
5TMPA
6FD1A
6RXNA
7A3HA
7AATA
7AHLA
7ATJA
7TIMA
8ABPA
8TLNE
9RNTA
119LA
153LA
256BA
451CA
830CA